<?xml version="1.0" encoding="UTF-8"?>
<!-- Generated by org.testng.reporters.JUnitReportReporter -->
<testsuite hostname="CHENNWL-455FT12" name="com.obj.Links.Link_Upload_TestScript" tests="1" failures="0" timestamp="23 Feb 2016 11:00:32 GMT" time="40.088" errors="0">
  <testcase name="LInksUpload_Test" time="40.088" classname="com.obj.Links.Link_Upload_TestScript"/>
</testsuite> <!-- com.obj.Links.Link_Upload_TestScript -->
