<?xml version="1.0" encoding="UTF-8"?>
<!-- Generated by org.testng.reporters.JUnitReportReporter -->
<testsuite hostname="CHENNWL-455FT12" name="com.obj.TestScript.Dashboard_Status_Feed_TestScript" tests="1" failures="0" timestamp="16 Feb 2016 05:06:42 GMT" time="8.152" errors="0">
  <testcase name="Dashboard_Widget_TestCase" time="8.152" classname="com.obj.TestScript.Dashboard_Status_Feed_TestScript"/>
</testsuite> <!-- com.obj.TestScript.Dashboard_Status_Feed_TestScript -->
