<?xml version="1.0" encoding="UTF-8"?>
<!-- Generated by org.testng.reporters.JUnitReportReporter -->
<testsuite hostname="CHENNWL-455FT12" name="com.obj.Dashboard_Widget.Dashboard_Status_Feed_TestScript" tests="1" failures="0" timestamp="18 Feb 2016 09:48:14 GMT" time="115.496" errors="0">
  <testcase name="Dashboard_Widget_TestCase" time="115.496" classname="com.obj.Dashboard_Widget.Dashboard_Status_Feed_TestScript"/>
</testsuite> <!-- com.obj.Dashboard_Widget.Dashboard_Status_Feed_TestScript -->
