<?xml version="1.0" encoding="UTF-8"?>
<!-- Generated by org.testng.reporters.JUnitReportReporter -->
<testsuite hostname="CHENNWL-455FT12" name="com.obj.FileUpload.File_Upload_Test_Case" tests="1" failures="0" timestamp="23 Feb 2016 11:28:26 GMT" time="287.803" errors="0">
  <testcase name="FileUpload_Test" time="287.803" classname="com.obj.FileUpload.File_Upload_Test_Case"/>
</testsuite> <!-- com.obj.FileUpload.File_Upload_Test_Case -->
