<?xml version="1.0" encoding="UTF-8"?>
<!-- Generated by org.testng.reporters.JUnitReportReporter -->
<testsuite hostname="CHENNWL-455FT12" name="com.obj.StatusFeed.Status_Feed_TestScript" tests="1" failures="0" timestamp="23 Feb 2016 12:04:48 GMT" time="29.565" errors="0">
  <testcase name="Status_Feed_TestCase" time="29.565" classname="com.obj.StatusFeed.Status_Feed_TestScript"/>
</testsuite> <!-- com.obj.StatusFeed.Status_Feed_TestScript -->
